[INFO] 12:03:52:983 gameboy/(4363:4363): GAMEBOY START!
[INFO] 12:03:52:983 gameboy/(4363:4363): PROCESO: (null)
[INFO] 12:41:58:41 gameboy/(5397:5397): GAMEBOY START!
[INFO] 12:41:58:57 gameboy/(5397:5397): PROCESO: (null)
[INFO] 14:40:30:727 gameboy/(6517:6517): GAMEBOY START!
[INFO] 14:40:30:734 gameboy/(6517:6517): PROCESO: TEAM
[INFO] 14:40:30:739 gameboy/(6517:6517): TIPO_MENSAJE: APPEARED_POKEMON
[INFO] 14:40:30:740 gameboy/(6517:6517): APPEARED A TEAM
[INFO] 14:41:50:297 gameboy/(6536:6536): GAMEBOY START!
[INFO] 14:41:50:313 gameboy/(6536:6536): PROCESO: TEAM
[INFO] 14:41:50:314 gameboy/(6536:6536): TIPO_MENSAJE: APPEARED_POKEMON
[INFO] 14:41:50:314 gameboy/(6536:6536): APPEARED A TEAM
[INFO] 14:42:14:940 gameboy/(6551:6551): GAMEBOY START!
[INFO] 14:42:14:954 gameboy/(6551:6551): PROCESO: TEAM
[INFO] 14:42:14:955 gameboy/(6551:6551): TIPO_MENSAJE: APPEARED_POKEMON
[INFO] 14:42:14:955 gameboy/(6551:6551): APPEARED A TEAM
[INFO] 20:42:32:617 gameboy/(31931:31931): GAMEBOY START!
[INFO] 20:42:32:626 gameboy/(31931:31931): PROCESO: (null)
[INFO] 20:45:18:812 gameboy/(32259:32259): GAMEBOY START!
[INFO] 20:45:18:813 gameboy/(32259:32259): PROCESO: BROKER
[INFO] 20:45:18:813 gameboy/(32259:32259): TIPO_MENSAJE: GET_POKEMON
[INFO] 21:13:09:947 gameboy/(5170:5170): GAMEBOY START!
[INFO] 21:13:09:947 gameboy/(5170:5170): PROCESO: BROKER
[INFO] 21:13:09:947 gameboy/(5170:5170): TIPO_MENSAJE: GET_POKEMON
