[ERROR] 13:02:40:166 team2/(5789:5789): NO SE PUEDE CONECTARSE A BROKER
[INFO] 13:02:40:180 team2/(5789:5789): team2 START!
[INFO] 13:02:40:180 team2/(5789:5789): ENTRENADOR:entrenador1 EN POSICION:[1,1]
[WARNING] 13:02:40:181 team2/(5789:5789): entrenador1 NEW
[INFO] 13:02:40:181 team2/(5789:5789): ENTRENADOR:entrenador2 EN POSICION:[3,2]
[WARNING] 13:02:40:181 team2/(5789:5789): entrenador2 NEW
[ERROR] 13:02:40:181 team2/(5789:5789): DEFAULT:CHU NO EXISTE
[ERROR] 13:02:40:182 team2/(5789:5789): DEFAULT:PI NO EXISTE
[ERROR] 13:02:40:183 team2/(5789:5789): DEFAULT:KA NO EXISTE
[INFO] 13:02:40:183 team2/(5789:5789): POKEMON:pikachu EN POSICION:[3,3]
[INFO] 13:02:40:183 team2/(5789:5789): POKEMON:CHU EN POSICION:[5,3]
[INFO] 13:02:40:183 team2/(5789:5789): ENTRENADOR MAS CERCA
[WARNING] 13:02:40:184 team2/(5789:5789): entrenador2 READY
[WARNING] 13:02:40:184 team2/(5789:5789): entrenador2 RUN
[INFO] 13:02:42:187 team2/(5789:5791): entrenador2 EN POSICION:[3,3]
[INFO] 13:02:44:192 team2/(5789:5791): entrenador2 HA ATRAPADO POKEMON pikachu
[INFO] 13:02:44:193 team2/(5789:5791): POKEMON pikachu ELIMINADO DEL MAPA
[ERROR] 13:02:44:193 team2/(5789:5791): entrenador2 NO PUEDE ATRAPAR MAS POKEMONES!
[WARNING] 13:02:44:193 team2/(5789:5791): entrenador2 BLOCKED
[INFO] 13:02:44:194 team2/(5789:5789): ENTRENADOR MAS CERCA
[WARNING] 13:02:44:194 team2/(5789:5789): entrenador1 READY
[WARNING] 13:02:44:194 team2/(5789:5789): entrenador1 RUN
[INFO] 13:02:46:196 team2/(5789:5790): entrenador1 EN POSICION:[5,3]
[INFO] 13:02:48:200 team2/(5789:5790): entrenador1 HA ATRAPADO POKEMON CHU
[INFO] 13:02:48:201 team2/(5789:5790): POKEMON CHU ELIMINADO DEL MAPA
[INFO] 13:02:48:201 team2/(5789:5790): entrenador1 HA CUMPLIDO SU OBJETIVO
[WARNING] 13:02:48:202 team2/(5789:5790): entrenador1 EXIT
[INFO] 13:02:48:202 team2/(5789:5789): ENTRENADOR MAS CERCA
