[ERROR] 13:02:07:402 team1/(5740:5740): NO SE PUEDE CONECTARSE A BROKER
[INFO] 13:02:07:404 team1/(5740:5740): team1 START!
[INFO] 13:02:07:404 team1/(5740:5740): ENTRENADOR:entrenador1 EN POSICION:[1,1]
[WARNING] 13:02:07:404 team1/(5740:5740): entrenador1 NEW
[INFO] 13:02:07:405 team1/(5740:5740): ENTRENADOR:entrenador2 EN POSICION:[3,2]
[WARNING] 13:02:07:405 team1/(5740:5740): entrenador2 NEW
[ERROR] 13:02:07:405 team1/(5740:5740): DEFAULT:CHU NO EXISTE
[ERROR] 13:02:07:405 team1/(5740:5740): DEFAULT:PI NO EXISTE
[ERROR] 13:02:07:406 team1/(5740:5740): DEFAULT:KA NO EXISTE
[INFO] 13:02:07:406 team1/(5740:5740): POKEMON:pikachu EN POSICION:[3,3]
[INFO] 13:02:07:406 team1/(5740:5740): POKEMON:CHU EN POSICION:[5,3]
[INFO] 13:02:07:407 team1/(5740:5740): ALGORITMO FIFO
[WARNING] 13:02:07:407 team1/(5740:5740): entrenador1 READY
[WARNING] 13:02:07:409 team1/(5740:5740): entrenador1 RUN
[INFO] 13:02:09:415 team1/(5740:5741): entrenador1 EN POSICION:[3,3]
[INFO] 13:02:11:418 team1/(5740:5741): entrenador1 HA ATRAPADO POKEMON pikachu
[INFO] 13:02:11:420 team1/(5740:5741): POKEMON pikachu ELIMINADO DEL MAPA
[ERROR] 13:02:11:420 team1/(5740:5741): entrenador1 NO PUEDE ATRAPAR MAS POKEMONES!
[WARNING] 13:02:11:420 team1/(5740:5741): entrenador1 BLOCKED
[INFO] 13:02:11:421 team1/(5740:5740): ALGORITMO FIFO
[WARNING] 13:02:11:421 team1/(5740:5740): entrenador2 READY
[WARNING] 13:02:11:421 team1/(5740:5740): entrenador2 RUN
[INFO] 13:02:13:422 team1/(5740:5742): entrenador2 EN POSICION:[5,3]
[INFO] 13:02:15:427 team1/(5740:5742): entrenador2 HA ATRAPADO POKEMON CHU
[INFO] 13:02:15:428 team1/(5740:5742): POKEMON CHU ELIMINADO DEL MAPA
[ERROR] 13:02:15:429 team1/(5740:5742): entrenador2 NO PUEDE ATRAPAR MAS POKEMONES!
[WARNING] 13:02:15:429 team1/(5740:5742): entrenador2 BLOCKED
[INFO] 13:02:15:429 team1/(5740:5740): ALGORITMO FIFO
[ERROR] 13:02:15:429 team1/(5740:5740): EN DEADLOCK!!!
[WARNING] 13:02:15:429 team1/(5740:5740): entrenador1 READY
[WARNING] 13:02:15:429 team1/(5740:5740): entrenador1 RUN
[INFO] 13:02:15:429 team1/(5740:5740): ALGORITMO FIFO
[ERROR] 13:02:29:469 team1/(5771:5771): NO SE PUEDE CONECTARSE A BROKER
[INFO] 13:02:29:474 team1/(5771:5771): team1 START!
[INFO] 13:02:29:477 team1/(5771:5771): ENTRENADOR:entrenador1 EN POSICION:[1,1]
[WARNING] 13:02:29:480 team1/(5771:5771): entrenador1 NEW
[INFO] 13:02:29:481 team1/(5771:5771): ENTRENADOR:entrenador2 EN POSICION:[3,2]
[WARNING] 13:02:29:481 team1/(5771:5771): entrenador2 NEW
[ERROR] 13:02:29:481 team1/(5771:5771): DEFAULT:CHU NO EXISTE
[ERROR] 13:02:29:481 team1/(5771:5771): DEFAULT:PI NO EXISTE
[ERROR] 13:02:29:481 team1/(5771:5771): DEFAULT:KA NO EXISTE
[INFO] 13:02:29:482 team1/(5771:5771): POKEMON:pikachu EN POSICION:[3,3]
[INFO] 13:02:29:483 team1/(5771:5771): POKEMON:CHU EN POSICION:[5,3]
[INFO] 13:02:29:483 team1/(5771:5771): ALGORITMO FIFO
[WARNING] 13:02:29:483 team1/(5771:5771): entrenador1 READY
[WARNING] 13:02:29:483 team1/(5771:5771): entrenador1 RUN
[INFO] 13:02:31:488 team1/(5771:5772): entrenador1 EN POSICION:[3,3]
[INFO] 13:02:33:492 team1/(5771:5772): entrenador1 HA ATRAPADO POKEMON pikachu
[INFO] 13:02:33:494 team1/(5771:5772): POKEMON pikachu ELIMINADO DEL MAPA
[ERROR] 13:02:33:494 team1/(5771:5772): entrenador1 NO PUEDE ATRAPAR MAS POKEMONES!
[WARNING] 13:02:33:494 team1/(5771:5772): entrenador1 BLOCKED
[INFO] 13:02:33:495 team1/(5771:5771): ALGORITMO FIFO
[WARNING] 13:02:33:495 team1/(5771:5771): entrenador2 READY
[WARNING] 13:02:33:495 team1/(5771:5771): entrenador2 RUN
[INFO] 13:02:35:497 team1/(5771:5773): entrenador2 EN POSICION:[5,3]
